This file contains any messages produced by compilers while
running configure, to aid debugging if configure makes a mistake.

It was created by lookbusy configure 1.4, which was
generated by GNU Autoconf 2.68.  Invocation command line was

  $ ./configure --no-create --no-recursion

## --------- ##
## Platform. ##
## --------- ##

hostname = apollo01
uname -m = x86_64
uname -r = 3.13.0-61-generic
uname -s = Linux
uname -v = #100~precise1-Ubuntu SMP Wed Jul 29 12:06:40 UTC 2015

/usr/bin/uname -p = unknown
/bin/uname -X     = unknown

/bin/arch              = unknown
/usr/bin/arch -k       = unknown
/usr/convex/getsysinfo = unknown
/usr/bin/hostinfo      = unknown
/bin/machine           = unknown
/usr/bin/oslevel       = unknown
/bin/universe          = unknown

PATH: /usr/opensrc_amd64/torch5/bin
PATH: /usr/local/sbin
PATH: /usr/local/bin
PATH: /usr/sbin
PATH: /usr/bin
PATH: /sbin
PATH: /bin
PATH: /usr/games
PATH: /usr/commercial_amd64/maple18/bin
PATH: /usr/commercial_amd64/matlab/2015a/bin
PATH: /usr/commercial_amd64/ADS/2014.01/bin
PATH: /usr/commercial_amd64/ansys/v150/ansys/bin
PATH: /usr/commercial_amd64/cplex_studio/12.5/cplex/bin/x86-64_sles10_4.1
PATH: /usr/commercial_amd64/dock6.6/bin
PATH: /usr/commercial_amd64/IDL/8.2/idl/bin
PATH: /usr/commercial_amd64/SUPERSPECTRE
PATH: /usr/commercial_amd64/IBM/SPSS/Statistics/22/bin
PATH: /usr/commercial_amd64/cadence/IC615_lnx86/bin
PATH: /usr/commercial_amd64/cadence/MMSIM71/bin
PATH: /usr/commercial_amd64/cadence/MMSIM71/tools/bin
PATH: /usr/commercial_amd64/cadence/ASSURA-615_04.12.012_lnx86/tools/assura/bin
PATH: /usr/commercial_amd64/cadence/ASSURA-615_04.12.012_lnx86/bin
PATH: /usr/commercial_amd64/cadence/IUS82/bin
PATH: /usr/commercial_amd64/cadence/IUS82/tools/bin
PATH: /usr/commercial_amd64/cadence/IUS82/tools/dfII/bin
PATH: /usr/commercial_amd64/cadence/IUS82/tools/vtools/vfault/bin
PATH: /usr/commercial_amd64/cadence/IUS82/share/bin
PATH: /usr/commercial_amd64/cadence/EXT10.10.187_lnx86_base/bin
PATH: /usr/commercial_amd64/cadence/EXT10.10.187_lnx86_base/share/extraction/bin
PATH: /usr/commercial_amd64/cadence/EXT10.10.187_lnx86_base/tools/dfII/bin
PATH: /usr/commercial_amd64/cadence/EXT10.10.187_lnx86_base/tools/bin
PATH: /usr/commercial_amd64/cadence/EXT10.10.187_lnx86_base/tools/extraction/bin
PATH: /usr/commercial_amd64/openeye/arch/Ubuntu-10.04-x64/szybki/1.7.0/bin
PATH: /usr/commercial_amd64/sm/bin
PATH: /usr/commercial_amd64/altera/15/quartus/bin
PATH: /usr/commercial_amd64/altera/15/nios2eds/bin
PATH: /usr/commercial_amd64/altera/15/hld/bin
PATH: /usr/commercial_amd64/mentor_graphics/questa/cdc-formal_10.3-qf4/linux_x86_64/bin
PATH: /usr/commercial_amd64/mentor_graphics/questa/codelink_10.2c/codelink_home.aol/bin
PATH: /usr/commercial_amd64/mentor_graphics/questa/questasim/bin
PATH: /usr/commercial_amd64/mentor_graphics/questa/questa_verification/10.2c/bin
PATH: /usr/commercial_amd64/comsol/4.4/COMSOL44/bin
PATH: /usr/commercial_amd64/magma
PATH: /usr/commercial_amd64/ampl/ampl20080925.cplex112
PATH: /usr/opensrc_amd64/elixir/bin
PATH: /usr/opensrc_amd64/Chimera64-1.5.3/bin
PATH: /usr/opensrc_amd64/vmd-1.8.6/bin
PATH: /usr/opensrc_amd64/vmd-1.9/bin
PATH: /usr/opensrc_amd64/solid_state_simulations/sss/bin
PATH: /usr/opensrc_amd64/xv-3.10a/
PATH: /usr/opensrc_amd64/x11iraf/2.0/bin
PATH: /usr/opensrc_amd64/netsolve/bin
PATH: /usr/opensrc_amd64/dms/bin
PATH: /usr/local/cuda/bin
PATH: /users/liuhuac/Softwares/ec2-api-tools-1.7.1.0/bin
PATH: /users/liuhuac/Softwares/pssh/bin/


## ----------- ##
## Core tests. ##
## ----------- ##

configure:2220: checking for a BSD-compatible install
configure:2288: result: /usr/bin/install -c
configure:2299: checking whether build environment is sane
configure:2349: result: yes
configure:2490: checking for a thread-safe mkdir -p
configure:2529: result: /bin/mkdir -p
configure:2542: checking for gawk
configure:2558: found /usr/bin/gawk
configure:2569: result: gawk
configure:2580: checking whether make sets $(MAKE)
configure:2602: result: yes
configure:2732: checking for gcc
configure:2748: found /usr/bin/gcc
configure:2759: result: gcc
configure:2988: checking for C compiler version
configure:2997: gcc --version >&5
gcc (Ubuntu/Linaro 4.6.3-1ubuntu5) 4.6.3
Copyright (C) 2011 Free Software Foundation, Inc.
This is free software; see the source for copying conditions.  There is NO
warranty; not even for MERCHANTABILITY or FITNESS FOR A PARTICULAR PURPOSE.

configure:3008: $? = 0
configure:2997: gcc -v >&5
Using built-in specs.
COLLECT_GCC=gcc
COLLECT_LTO_WRAPPER=/usr/lib/gcc/x86_64-linux-gnu/4.6/lto-wrapper
Target: x86_64-linux-gnu
Configured with: ../src/configure -v --with-pkgversion='Ubuntu/Linaro 4.6.3-1ubuntu5' --with-bugurl=file:///usr/share/doc/gcc-4.6/README.Bugs --enable-languages=c,c++,fortran,objc,obj-c++ --prefix=/usr --program-suffix=-4.6 --enable-shared --enable-linker-build-id --with-system-zlib --libexecdir=/usr/lib --without-included-gettext --enable-threads=posix --with-gxx-include-dir=/usr/include/c++/4.6 --libdir=/usr/lib --enable-nls --with-sysroot=/ --enable-clocale=gnu --enable-libstdcxx-debug --enable-libstdcxx-time=yes --enable-gnu-unique-object --enable-plugin --enable-objc-gc --disable-werror --with-arch-32=i686 --with-tune=generic --enable-checking=release --build=x86_64-linux-gnu --host=x86_64-linux-gnu --target=x86_64-linux-gnu
Thread model: posix
gcc version 4.6.3 (Ubuntu/Linaro 4.6.3-1ubuntu5) 
configure:3008: $? = 0
configure:2997: gcc -V >&5
gcc: error: unrecognized option '-V'
gcc: fatal error: no input files
compilation terminated.
configure:3008: $? = 4
configure:2997: gcc -qversion >&5
gcc: error: unrecognized option '-qversion'
gcc: fatal error: no input files
compilation terminated.
configure:3008: $? = 4
configure:3028: checking whether the C compiler works
configure:3050: gcc    conftest.c  >&5
configure:3054: $? = 0
configure:3102: result: yes
configure:3105: checking for C compiler default output file name
configure:3107: result: a.out
configure:3113: checking for suffix of executables
configure:3120: gcc -o conftest    conftest.c  >&5
configure:3124: $? = 0
configure:3146: result: 
configure:3168: checking whether we are cross compiling
configure:3176: gcc -o conftest    conftest.c  >&5
configure:3180: $? = 0
configure:3187: ./conftest
configure:3191: $? = 0
configure:3206: result: no
configure:3211: checking for suffix of object files
configure:3233: gcc -c   conftest.c >&5
configure:3237: $? = 0
configure:3258: result: o
configure:3262: checking whether we are using the GNU C compiler
configure:3281: gcc -c   conftest.c >&5
configure:3281: $? = 0
configure:3290: result: yes
configure:3299: checking whether gcc accepts -g
configure:3319: gcc -c -g  conftest.c >&5
configure:3319: $? = 0
configure:3360: result: yes
configure:3377: checking for gcc option to accept ISO C89
configure:3441: gcc  -c -g -O2  conftest.c >&5
configure:3441: $? = 0
configure:3454: result: none needed
configure:3485: checking for style of include used by make
configure:3513: result: GNU
configure:3539: checking dependency style of gcc
configure:3650: result: gcc3
configure:3675: checking how to run the C preprocessor
configure:3706: gcc -E  conftest.c
configure:3706: $? = 0
configure:3720: gcc -E  conftest.c
conftest.c:11:28: fatal error: ac_nonexistent.h: No such file or directory
compilation terminated.
configure:3720: $? = 1
configure: failed program was:
| /* confdefs.h */
| #define PACKAGE_NAME "lookbusy"
| #define PACKAGE_TARNAME "lookbusy"
| #define PACKAGE_VERSION "1.4"
| #define PACKAGE_STRING "lookbusy 1.4"
| #define PACKAGE_BUGREPORT "lookbusy@devin.com"
| #define PACKAGE_URL ""
| #define PACKAGE "lookbusy"
| #define VERSION "1.4"
| /* end confdefs.h.  */
| #include <ac_nonexistent.h>
configure:3745: result: gcc -E
configure:3765: gcc -E  conftest.c
configure:3765: $? = 0
configure:3779: gcc -E  conftest.c
conftest.c:11:28: fatal error: ac_nonexistent.h: No such file or directory
compilation terminated.
configure:3779: $? = 1
configure: failed program was:
| /* confdefs.h */
| #define PACKAGE_NAME "lookbusy"
| #define PACKAGE_TARNAME "lookbusy"
| #define PACKAGE_VERSION "1.4"
| #define PACKAGE_STRING "lookbusy 1.4"
| #define PACKAGE_BUGREPORT "lookbusy@devin.com"
| #define PACKAGE_URL ""
| #define PACKAGE "lookbusy"
| #define VERSION "1.4"
| /* end confdefs.h.  */
| #include <ac_nonexistent.h>
configure:3808: checking for grep that handles long lines and -e
configure:3866: result: /bin/grep
configure:3871: checking for egrep
configure:3933: result: /bin/grep -E
configure:3938: checking for ANSI C header files
configure:3958: gcc -c -g -O2  conftest.c >&5
configure:3958: $? = 0
configure:4031: gcc -o conftest -g -O2   conftest.c  >&5
configure:4031: $? = 0
configure:4031: ./conftest
configure:4031: $? = 0
configure:4042: result: yes
configure:4050: checking for sys/wait.h that is POSIX.1 compatible
configure:4076: gcc -c -g -O2  conftest.c >&5
configure:4076: $? = 0
configure:4083: result: yes
configure:4096: checking for sys/types.h
configure:4096: gcc -c -g -O2  conftest.c >&5
configure:4096: $? = 0
configure:4096: result: yes
configure:4096: checking for sys/stat.h
configure:4096: gcc -c -g -O2  conftest.c >&5
configure:4096: $? = 0
configure:4096: result: yes
configure:4096: checking for stdlib.h
configure:4096: gcc -c -g -O2  conftest.c >&5
configure:4096: $? = 0
configure:4096: result: yes
configure:4096: checking for string.h
configure:4096: gcc -c -g -O2  conftest.c >&5
configure:4096: $? = 0
configure:4096: result: yes
configure:4096: checking for memory.h
configure:4096: gcc -c -g -O2  conftest.c >&5
configure:4096: $? = 0
configure:4096: result: yes
configure:4096: checking for strings.h
configure:4096: gcc -c -g -O2  conftest.c >&5
configure:4096: $? = 0
configure:4096: result: yes
configure:4096: checking for inttypes.h
configure:4096: gcc -c -g -O2  conftest.c >&5
configure:4096: $? = 0
configure:4096: result: yes
configure:4096: checking for stdint.h
configure:4096: gcc -c -g -O2  conftest.c >&5
configure:4096: $? = 0
configure:4096: result: yes
configure:4096: checking for unistd.h
configure:4096: gcc -c -g -O2  conftest.c >&5
configure:4096: $? = 0
configure:4096: result: yes
configure:4111: checking fcntl.h usability
configure:4111: gcc -c -g -O2  conftest.c >&5
configure:4111: $? = 0
configure:4111: result: yes
configure:4111: checking fcntl.h presence
configure:4111: gcc -E  conftest.c
configure:4111: $? = 0
configure:4111: result: yes
configure:4111: checking for fcntl.h
configure:4111: result: yes
configure:4111: checking for stdint.h
configure:4111: result: yes
configure:4111: checking for stdlib.h
configure:4111: result: yes
configure:4111: checking for string.h
configure:4111: result: yes
configure:4111: checking sys/time.h usability
configure:4111: gcc -c -g -O2  conftest.c >&5
configure:4111: $? = 0
configure:4111: result: yes
configure:4111: checking sys/time.h presence
configure:4111: gcc -E  conftest.c
configure:4111: $? = 0
configure:4111: result: yes
configure:4111: checking for sys/time.h
configure:4111: result: yes
configure:4111: checking for unistd.h
configure:4111: result: yes
configure:4123: checking for an ANSI C-conforming const
configure:4188: gcc -c -g -O2  conftest.c >&5
configure:4188: $? = 0
configure:4195: result: yes
configure:4203: checking for off_t
configure:4203: gcc -c -g -O2  conftest.c >&5
configure:4203: $? = 0
configure:4203: gcc -c -g -O2  conftest.c >&5
conftest.c: In function 'main':
conftest.c:64:20: error: expected expression before ')' token
configure:4203: $? = 1
configure: failed program was:
| /* confdefs.h */
| #define PACKAGE_NAME "lookbusy"
| #define PACKAGE_TARNAME "lookbusy"
| #define PACKAGE_VERSION "1.4"
| #define PACKAGE_STRING "lookbusy 1.4"
| #define PACKAGE_BUGREPORT "lookbusy@devin.com"
| #define PACKAGE_URL ""
| #define PACKAGE "lookbusy"
| #define VERSION "1.4"
| #define STDC_HEADERS 1
| #define HAVE_SYS_WAIT_H 1
| #define HAVE_SYS_TYPES_H 1
| #define HAVE_SYS_STAT_H 1
| #define HAVE_STDLIB_H 1
| #define HAVE_STRING_H 1
| #define HAVE_MEMORY_H 1
| #define HAVE_STRINGS_H 1
| #define HAVE_INTTYPES_H 1
| #define HAVE_STDINT_H 1
| #define HAVE_UNISTD_H 1
| #define HAVE_FCNTL_H 1
| #define HAVE_STDINT_H 1
| #define HAVE_STDLIB_H 1
| #define HAVE_STRING_H 1
| #define HAVE_SYS_TIME_H 1
| #define HAVE_UNISTD_H 1
| /* end confdefs.h.  */
| #include <stdio.h>
| #ifdef HAVE_SYS_TYPES_H
| # include <sys/types.h>
| #endif
| #ifdef HAVE_SYS_STAT_H
| # include <sys/stat.h>
| #endif
| #ifdef STDC_HEADERS
| # include <stdlib.h>
| # include <stddef.h>
| #else
| # ifdef HAVE_STDLIB_H
| #  include <stdlib.h>
| # endif
| #endif
| #ifdef HAVE_STRING_H
| # if !defined STDC_HEADERS && defined HAVE_MEMORY_H
| #  include <memory.h>
| # endif
| # include <string.h>
| #endif
| #ifdef HAVE_STRINGS_H
| # include <strings.h>
| #endif
| #ifdef HAVE_INTTYPES_H
| # include <inttypes.h>
| #endif
| #ifdef HAVE_STDINT_H
| # include <stdint.h>
| #endif
| #ifdef HAVE_UNISTD_H
| # include <unistd.h>
| #endif
| int
| main ()
| {
| if (sizeof ((off_t)))
| 	    return 0;
|   ;
|   return 0;
| }
configure:4203: result: yes
configure:4214: checking for pid_t
configure:4214: gcc -c -g -O2  conftest.c >&5
configure:4214: $? = 0
configure:4214: gcc -c -g -O2  conftest.c >&5
conftest.c: In function 'main':
conftest.c:64:20: error: expected expression before ')' token
configure:4214: $? = 1
configure: failed program was:
| /* confdefs.h */
| #define PACKAGE_NAME "lookbusy"
| #define PACKAGE_TARNAME "lookbusy"
| #define PACKAGE_VERSION "1.4"
| #define PACKAGE_STRING "lookbusy 1.4"
| #define PACKAGE_BUGREPORT "lookbusy@devin.com"
| #define PACKAGE_URL ""
| #define PACKAGE "lookbusy"
| #define VERSION "1.4"
| #define STDC_HEADERS 1
| #define HAVE_SYS_WAIT_H 1
| #define HAVE_SYS_TYPES_H 1
| #define HAVE_SYS_STAT_H 1
| #define HAVE_STDLIB_H 1
| #define HAVE_STRING_H 1
| #define HAVE_MEMORY_H 1
| #define HAVE_STRINGS_H 1
| #define HAVE_INTTYPES_H 1
| #define HAVE_STDINT_H 1
| #define HAVE_UNISTD_H 1
| #define HAVE_FCNTL_H 1
| #define HAVE_STDINT_H 1
| #define HAVE_STDLIB_H 1
| #define HAVE_STRING_H 1
| #define HAVE_SYS_TIME_H 1
| #define HAVE_UNISTD_H 1
| /* end confdefs.h.  */
| #include <stdio.h>
| #ifdef HAVE_SYS_TYPES_H
| # include <sys/types.h>
| #endif
| #ifdef HAVE_SYS_STAT_H
| # include <sys/stat.h>
| #endif
| #ifdef STDC_HEADERS
| # include <stdlib.h>
| # include <stddef.h>
| #else
| # ifdef HAVE_STDLIB_H
| #  include <stdlib.h>
| # endif
| #endif
| #ifdef HAVE_STRING_H
| # if !defined STDC_HEADERS && defined HAVE_MEMORY_H
| #  include <memory.h>
| # endif
| # include <string.h>
| #endif
| #ifdef HAVE_STRINGS_H
| # include <strings.h>
| #endif
| #ifdef HAVE_INTTYPES_H
| # include <inttypes.h>
| #endif
| #ifdef HAVE_STDINT_H
| # include <stdint.h>
| #endif
| #ifdef HAVE_UNISTD_H
| # include <unistd.h>
| #endif
| int
| main ()
| {
| if (sizeof ((pid_t)))
| 	    return 0;
|   ;
|   return 0;
| }
configure:4214: result: yes
configure:4225: checking for size_t
configure:4225: gcc -c -g -O2  conftest.c >&5
configure:4225: $? = 0
configure:4225: gcc -c -g -O2  conftest.c >&5
conftest.c: In function 'main':
conftest.c:64:21: error: expected expression before ')' token
configure:4225: $? = 1
configure: failed program was:
| /* confdefs.h */
| #define PACKAGE_NAME "lookbusy"
| #define PACKAGE_TARNAME "lookbusy"
| #define PACKAGE_VERSION "1.4"
| #define PACKAGE_STRING "lookbusy 1.4"
| #define PACKAGE_BUGREPORT "lookbusy@devin.com"
| #define PACKAGE_URL ""
| #define PACKAGE "lookbusy"
| #define VERSION "1.4"
| #define STDC_HEADERS 1
| #define HAVE_SYS_WAIT_H 1
| #define HAVE_SYS_TYPES_H 1
| #define HAVE_SYS_STAT_H 1
| #define HAVE_STDLIB_H 1
| #define HAVE_STRING_H 1
| #define HAVE_MEMORY_H 1
| #define HAVE_STRINGS_H 1
| #define HAVE_INTTYPES_H 1
| #define HAVE_STDINT_H 1
| #define HAVE_UNISTD_H 1
| #define HAVE_FCNTL_H 1
| #define HAVE_STDINT_H 1
| #define HAVE_STDLIB_H 1
| #define HAVE_STRING_H 1
| #define HAVE_SYS_TIME_H 1
| #define HAVE_UNISTD_H 1
| /* end confdefs.h.  */
| #include <stdio.h>
| #ifdef HAVE_SYS_TYPES_H
| # include <sys/types.h>
| #endif
| #ifdef HAVE_SYS_STAT_H
| # include <sys/stat.h>
| #endif
| #ifdef STDC_HEADERS
| # include <stdlib.h>
| # include <stddef.h>
| #else
| # ifdef HAVE_STDLIB_H
| #  include <stdlib.h>
| # endif
| #endif
| #ifdef HAVE_STRING_H
| # if !defined STDC_HEADERS && defined HAVE_MEMORY_H
| #  include <memory.h>
| # endif
| # include <string.h>
| #endif
| #ifdef HAVE_STRINGS_H
| # include <strings.h>
| #endif
| #ifdef HAVE_INTTYPES_H
| # include <inttypes.h>
| #endif
| #ifdef HAVE_STDINT_H
| # include <stdint.h>
| #endif
| #ifdef HAVE_UNISTD_H
| # include <unistd.h>
| #endif
| int
| main ()
| {
| if (sizeof ((size_t)))
| 	    return 0;
|   ;
|   return 0;
| }
configure:4225: result: yes
configure:4236: checking whether time.h and sys/time.h may both be included
configure:4256: gcc -c -g -O2  conftest.c >&5
configure:4256: $? = 0
configure:4263: result: yes
configure:4275: checking vfork.h usability
configure:4275: gcc -c -g -O2  conftest.c >&5
conftest.c:62:19: fatal error: vfork.h: No such file or directory
compilation terminated.
configure:4275: $? = 1
configure: failed program was:
| /* confdefs.h */
| #define PACKAGE_NAME "lookbusy"
| #define PACKAGE_TARNAME "lookbusy"
| #define PACKAGE_VERSION "1.4"
| #define PACKAGE_STRING "lookbusy 1.4"
| #define PACKAGE_BUGREPORT "lookbusy@devin.com"
| #define PACKAGE_URL ""
| #define PACKAGE "lookbusy"
| #define VERSION "1.4"
| #define STDC_HEADERS 1
| #define HAVE_SYS_WAIT_H 1
| #define HAVE_SYS_TYPES_H 1
| #define HAVE_SYS_STAT_H 1
| #define HAVE_STDLIB_H 1
| #define HAVE_STRING_H 1
| #define HAVE_MEMORY_H 1
| #define HAVE_STRINGS_H 1
| #define HAVE_INTTYPES_H 1
| #define HAVE_STDINT_H 1
| #define HAVE_UNISTD_H 1
| #define HAVE_FCNTL_H 1
| #define HAVE_STDINT_H 1
| #define HAVE_STDLIB_H 1
| #define HAVE_STRING_H 1
| #define HAVE_SYS_TIME_H 1
| #define HAVE_UNISTD_H 1
| #define TIME_WITH_SYS_TIME 1
| /* end confdefs.h.  */
| #include <stdio.h>
| #ifdef HAVE_SYS_TYPES_H
| # include <sys/types.h>
| #endif
| #ifdef HAVE_SYS_STAT_H
| # include <sys/stat.h>
| #endif
| #ifdef STDC_HEADERS
| # include <stdlib.h>
| # include <stddef.h>
| #else
| # ifdef HAVE_STDLIB_H
| #  include <stdlib.h>
| # endif
| #endif
| #ifdef HAVE_STRING_H
| # if !defined STDC_HEADERS && defined HAVE_MEMORY_H
| #  include <memory.h>
| # endif
| # include <string.h>
| #endif
| #ifdef HAVE_STRINGS_H
| # include <strings.h>
| #endif
| #ifdef HAVE_INTTYPES_H
| # include <inttypes.h>
| #endif
| #ifdef HAVE_STDINT_H
| # include <stdint.h>
| #endif
| #ifdef HAVE_UNISTD_H
| # include <unistd.h>
| #endif
| #include <vfork.h>
configure:4275: result: no
configure:4275: checking vfork.h presence
configure:4275: gcc -E  conftest.c
conftest.c:29:19: fatal error: vfork.h: No such file or directory
compilation terminated.
configure:4275: $? = 1
configure: failed program was:
| /* confdefs.h */
| #define PACKAGE_NAME "lookbusy"
| #define PACKAGE_TARNAME "lookbusy"
| #define PACKAGE_VERSION "1.4"
| #define PACKAGE_STRING "lookbusy 1.4"
| #define PACKAGE_BUGREPORT "lookbusy@devin.com"
| #define PACKAGE_URL ""
| #define PACKAGE "lookbusy"
| #define VERSION "1.4"
| #define STDC_HEADERS 1
| #define HAVE_SYS_WAIT_H 1
| #define HAVE_SYS_TYPES_H 1
| #define HAVE_SYS_STAT_H 1
| #define HAVE_STDLIB_H 1
| #define HAVE_STRING_H 1
| #define HAVE_MEMORY_H 1
| #define HAVE_STRINGS_H 1
| #define HAVE_INTTYPES_H 1
| #define HAVE_STDINT_H 1
| #define HAVE_UNISTD_H 1
| #define HAVE_FCNTL_H 1
| #define HAVE_STDINT_H 1
| #define HAVE_STDLIB_H 1
| #define HAVE_STRING_H 1
| #define HAVE_SYS_TIME_H 1
| #define HAVE_UNISTD_H 1
| #define TIME_WITH_SYS_TIME 1
| /* end confdefs.h.  */
| #include <vfork.h>
configure:4275: result: no
configure:4275: checking for vfork.h
configure:4275: result: no
configure:4288: checking for fork
configure:4288: gcc -o conftest -g -O2   conftest.c  >&5
conftest.c:52:6: warning: conflicting types for built-in function 'fork' [enabled by default]
configure:4288: $? = 0
configure:4288: result: yes
configure:4288: checking for vfork
configure:4288: gcc -o conftest -g -O2   conftest.c  >&5
configure:4288: $? = 0
configure:4288: result: yes
configure:4298: checking for working fork
configure:4320: gcc -o conftest -g -O2   conftest.c  >&5
configure:4320: $? = 0
configure:4320: ./conftest
configure:4320: $? = 0
configure:4330: result: yes
configure:4351: checking for working vfork
configure:4461: result: yes
configure:4488: checking for stdlib.h
configure:4488: result: yes
configure:4498: checking for GNU libc compatible malloc
configure:4522: gcc -o conftest -g -O2   conftest.c  >&5
configure:4522: $? = 0
configure:4522: ./conftest
configure:4522: $? = 0
configure:4532: result: yes
configure:4555: checking for stdlib.h
configure:4555: result: yes
configure:4565: checking for GNU libc compatible realloc
configure:4589: gcc -o conftest -g -O2   conftest.c  >&5
configure:4589: $? = 0
configure:4589: ./conftest
configure:4589: $? = 0
configure:4599: result: yes
configure:4620: checking return type of signal handlers
configure:4638: gcc -c -g -O2  conftest.c >&5
conftest.c: In function 'main':
conftest.c:43:1: error: void value not ignored as it ought to be
configure:4638: $? = 1
configure: failed program was:
| /* confdefs.h */
| #define PACKAGE_NAME "lookbusy"
| #define PACKAGE_TARNAME "lookbusy"
| #define PACKAGE_VERSION "1.4"
| #define PACKAGE_STRING "lookbusy 1.4"
| #define PACKAGE_BUGREPORT "lookbusy@devin.com"
| #define PACKAGE_URL ""
| #define PACKAGE "lookbusy"
| #define VERSION "1.4"
| #define STDC_HEADERS 1
| #define HAVE_SYS_WAIT_H 1
| #define HAVE_SYS_TYPES_H 1
| #define HAVE_SYS_STAT_H 1
| #define HAVE_STDLIB_H 1
| #define HAVE_STRING_H 1
| #define HAVE_MEMORY_H 1
| #define HAVE_STRINGS_H 1
| #define HAVE_INTTYPES_H 1
| #define HAVE_STDINT_H 1
| #define HAVE_UNISTD_H 1
| #define HAVE_FCNTL_H 1
| #define HAVE_STDINT_H 1
| #define HAVE_STDLIB_H 1
| #define HAVE_STRING_H 1
| #define HAVE_SYS_TIME_H 1
| #define HAVE_UNISTD_H 1
| #define TIME_WITH_SYS_TIME 1
| #define HAVE_FORK 1
| #define HAVE_VFORK 1
| #define HAVE_WORKING_VFORK 1
| #define HAVE_WORKING_FORK 1
| #define HAVE_STDLIB_H 1
| #define HAVE_MALLOC 1
| #define HAVE_STDLIB_H 1
| #define HAVE_REALLOC 1
| /* end confdefs.h.  */
| #include <sys/types.h>
| #include <signal.h>
| 
| int
| main ()
| {
| return *(signal (0, 0)) (0) == 1;
|   ;
|   return 0;
| }
configure:4645: result: void
configure:4653: checking whether lstat correctly handles trailing slash
configure:4679: gcc -o conftest -g -O2   conftest.c  >&5
configure:4679: $? = 0
configure:4679: ./conftest
configure:4679: $? = 0
configure:4696: result: yes
configure:4715: checking whether stat accepts an empty string
configure:4735: gcc -o conftest -g -O2   conftest.c  >&5
configure:4735: $? = 0
configure:4735: ./conftest
configure:4735: $? = 0
configure:4745: result: no
configure:4763: checking for vprintf
configure:4763: gcc -o conftest -g -O2   conftest.c  >&5
conftest.c:62:6: warning: conflicting types for built-in function 'vprintf' [enabled by default]
configure:4763: $? = 0
configure:4763: result: yes
configure:4769: checking for _doprnt
configure:4769: gcc -o conftest -g -O2   conftest.c  >&5
/tmp/ccsnIRrR.o: In function `main':
/users/liuhuac/Code/lookbusy-traces/conftest.c:74: undefined reference to `_doprnt'
collect2: ld returned 1 exit status
configure:4769: $? = 1
configure: failed program was:
| /* confdefs.h */
| #define PACKAGE_NAME "lookbusy"
| #define PACKAGE_TARNAME "lookbusy"
| #define PACKAGE_VERSION "1.4"
| #define PACKAGE_STRING "lookbusy 1.4"
| #define PACKAGE_BUGREPORT "lookbusy@devin.com"
| #define PACKAGE_URL ""
| #define PACKAGE "lookbusy"
| #define VERSION "1.4"
| #define STDC_HEADERS 1
| #define HAVE_SYS_WAIT_H 1
| #define HAVE_SYS_TYPES_H 1
| #define HAVE_SYS_STAT_H 1
| #define HAVE_STDLIB_H 1
| #define HAVE_STRING_H 1
| #define HAVE_MEMORY_H 1
| #define HAVE_STRINGS_H 1
| #define HAVE_INTTYPES_H 1
| #define HAVE_STDINT_H 1
| #define HAVE_UNISTD_H 1
| #define HAVE_FCNTL_H 1
| #define HAVE_STDINT_H 1
| #define HAVE_STDLIB_H 1
| #define HAVE_STRING_H 1
| #define HAVE_SYS_TIME_H 1
| #define HAVE_UNISTD_H 1
| #define TIME_WITH_SYS_TIME 1
| #define HAVE_FORK 1
| #define HAVE_VFORK 1
| #define HAVE_WORKING_VFORK 1
| #define HAVE_WORKING_FORK 1
| #define HAVE_STDLIB_H 1
| #define HAVE_MALLOC 1
| #define HAVE_STDLIB_H 1
| #define HAVE_REALLOC 1
| #define RETSIGTYPE void
| #define LSTAT_FOLLOWS_SLASHED_SYMLINK 1
| #define HAVE_VPRINTF 1
| /* end confdefs.h.  */
| /* Define _doprnt to an innocuous variant, in case <limits.h> declares _doprnt.
|    For example, HP-UX 11i <limits.h> declares gettimeofday.  */
| #define _doprnt innocuous__doprnt
| 
| /* System header to define __stub macros and hopefully few prototypes,
|     which can conflict with char _doprnt (); below.
|     Prefer <limits.h> to <assert.h> if __STDC__ is defined, since
|     <limits.h> exists even on freestanding compilers.  */
| 
| #ifdef __STDC__
| # include <limits.h>
| #else
| # include <assert.h>
| #endif
| 
| #undef _doprnt
| 
| /* Override any GCC internal prototype to avoid an error.
|    Use char because int might match the return type of a GCC
|    builtin and then its argument prototype would still apply.  */
| #ifdef __cplusplus
| extern "C"
| #endif
| char _doprnt ();
| /* The GNU C library defines this for functions which it implements
|     to always fail with ENOSYS.  Some functions are actually named
|     something starting with __ and the normal name is an alias.  */
| #if defined __stub__doprnt || defined __stub____doprnt
| choke me
| #endif
| 
| int
| main ()
| {
| return _doprnt ();
|   ;
|   return 0;
| }
configure:4769: result: no
configure:4783: checking for sysconf
configure:4783: gcc -o conftest -g -O2   conftest.c  >&5
configure:4783: $? = 0
configure:4783: result: yes
configure:4783: checking for gettimeofday
configure:4783: gcc -o conftest -g -O2   conftest.c  >&5
configure:4783: $? = 0
configure:4783: result: yes
configure:4783: checking for memmove
configure:4783: gcc -o conftest -g -O2   conftest.c  >&5
conftest.c:65:6: warning: conflicting types for built-in function 'memmove' [enabled by default]
configure:4783: $? = 0
configure:4783: result: yes
configure:4783: checking for regcomp
configure:4783: gcc -o conftest -g -O2   conftest.c  >&5
configure:4783: $? = 0
configure:4783: result: yes
configure:4783: checking for strdup
configure:4783: gcc -o conftest -g -O2   conftest.c  >&5
conftest.c:67:6: warning: conflicting types for built-in function 'strdup' [enabled by default]
configure:4783: $? = 0
configure:4783: result: yes
configure:4783: checking for strerror
configure:4783: gcc -o conftest -g -O2   conftest.c  >&5
configure:4783: $? = 0
configure:4783: result: yes
configure:4783: checking for strcasecmp
configure:4783: gcc -o conftest -g -O2   conftest.c  >&5
conftest.c:69:6: warning: conflicting types for built-in function 'strcasecmp' [enabled by default]
configure:4783: $? = 0
configure:4783: result: yes
configure:4783: checking for strtol
configure:4783: gcc -o conftest -g -O2   conftest.c  >&5
configure:4783: $? = 0
configure:4783: result: yes
configure:4783: checking for strtoll
configure:4783: gcc -o conftest -g -O2   conftest.c  >&5
configure:4783: $? = 0
configure:4783: result: yes
configure:4783: checking for tzset
configure:4783: gcc -o conftest -g -O2   conftest.c  >&5
configure:4783: $? = 0
configure:4783: result: yes
configure:4792: checking for cos in -lm
configure:4817: gcc -o conftest -g -O2   conftest.c -lm   >&5
conftest.c:57:6: warning: conflicting types for built-in function 'cos' [enabled by default]
configure:4817: $? = 0
configure:4826: result: yes
configure:4845: checking for special C compiler options needed for large files
configure:4890: result: no
configure:4896: checking for _FILE_OFFSET_BITS value needed for large files
configure:4921: gcc -c -g -O2  conftest.c >&5
configure:4921: $? = 0
configure:4953: result: no
configure:5168: creating ./config.status

## ---------------- ##
## Cache variables. ##
## ---------------- ##

ac_cv_c_compiler_gnu=yes
ac_cv_c_const=yes
ac_cv_env_CC_set=
ac_cv_env_CC_value=
ac_cv_env_CFLAGS_set=
ac_cv_env_CFLAGS_value=
ac_cv_env_CPPFLAGS_set=
ac_cv_env_CPPFLAGS_value=
ac_cv_env_CPP_set=
ac_cv_env_CPP_value=
ac_cv_env_LDFLAGS_set=
ac_cv_env_LDFLAGS_value=
ac_cv_env_LIBS_set=
ac_cv_env_LIBS_value=
ac_cv_env_build_alias_set=
ac_cv_env_build_alias_value=
ac_cv_env_host_alias_set=
ac_cv_env_host_alias_value=
ac_cv_env_target_alias_set=
ac_cv_env_target_alias_value=
ac_cv_func__doprnt=no
ac_cv_func_fork=yes
ac_cv_func_fork_works=yes
ac_cv_func_gettimeofday=yes
ac_cv_func_lstat_dereferences_slashed_symlink=yes
ac_cv_func_malloc_0_nonnull=yes
ac_cv_func_memmove=yes
ac_cv_func_realloc_0_nonnull=yes
ac_cv_func_regcomp=yes
ac_cv_func_stat_empty_string_bug=no
ac_cv_func_strcasecmp=yes
ac_cv_func_strdup=yes
ac_cv_func_strerror=yes
ac_cv_func_strtol=yes
ac_cv_func_strtoll=yes
ac_cv_func_sysconf=yes
ac_cv_func_tzset=yes
ac_cv_func_vfork=yes
ac_cv_func_vfork_works=yes
ac_cv_func_vprintf=yes
ac_cv_header_fcntl_h=yes
ac_cv_header_inttypes_h=yes
ac_cv_header_memory_h=yes
ac_cv_header_stdc=yes
ac_cv_header_stdint_h=yes
ac_cv_header_stdlib_h=yes
ac_cv_header_string_h=yes
ac_cv_header_strings_h=yes
ac_cv_header_sys_stat_h=yes
ac_cv_header_sys_time_h=yes
ac_cv_header_sys_types_h=yes
ac_cv_header_sys_wait_h=yes
ac_cv_header_time=yes
ac_cv_header_unistd_h=yes
ac_cv_header_vfork_h=no
ac_cv_lib_m_cos=yes
ac_cv_objext=o
ac_cv_path_EGREP='/bin/grep -E'
ac_cv_path_GREP=/bin/grep
ac_cv_path_install='/usr/bin/install -c'
ac_cv_path_mkdir=/bin/mkdir
ac_cv_prog_AWK=gawk
ac_cv_prog_CPP='gcc -E'
ac_cv_prog_ac_ct_CC=gcc
ac_cv_prog_cc_c89=
ac_cv_prog_cc_g=yes
ac_cv_prog_make_make_set=yes
ac_cv_sys_file_offset_bits=no
ac_cv_sys_largefile_CC=no
ac_cv_type_off_t=yes
ac_cv_type_pid_t=yes
ac_cv_type_signal=void
ac_cv_type_size_t=yes
am_cv_CC_dependencies_compiler_type=gcc3

## ----------------- ##
## Output variables. ##
## ----------------- ##

ACLOCAL='${SHELL} /users/liuhuac/Code/lookbusy-traces/missing --run aclocal-1.11'
AMDEPBACKSLASH='\'
AMDEP_FALSE='#'
AMDEP_TRUE=''
AMTAR='$${TAR-tar}'
AUTOCONF='${SHELL} /users/liuhuac/Code/lookbusy-traces/missing --run autoconf'
AUTOHEADER='${SHELL} /users/liuhuac/Code/lookbusy-traces/missing --run autoheader'
AUTOMAKE='${SHELL} /users/liuhuac/Code/lookbusy-traces/missing --run automake-1.11'
AWK='gawk'
CC='gcc'
CCDEPMODE='depmode=gcc3'
CFLAGS='-g -O2'
CPP='gcc -E'
CPPFLAGS=''
CYGPATH_W='echo'
DEFS='-DHAVE_CONFIG_H'
DEPDIR='.deps'
ECHO_C=''
ECHO_N='-n'
ECHO_T=''
EGREP='/bin/grep -E'
EXEEXT=''
GREP='/bin/grep'
INSTALL_DATA='${INSTALL} -m 644'
INSTALL_PROGRAM='${INSTALL}'
INSTALL_SCRIPT='${INSTALL}'
INSTALL_STRIP_PROGRAM='$(install_sh) -c -s'
LDFLAGS=''
LIBOBJS=''
LIBS='-lm '
LTLIBOBJS=''
MAKEINFO='${SHELL} /users/liuhuac/Code/lookbusy-traces/missing --run makeinfo'
MKDIR_P='/bin/mkdir -p'
OBJEXT='o'
PACKAGE='lookbusy'
PACKAGE_BUGREPORT='lookbusy@devin.com'
PACKAGE_NAME='lookbusy'
PACKAGE_STRING='lookbusy 1.4'
PACKAGE_TARNAME='lookbusy'
PACKAGE_URL=''
PACKAGE_VERSION='1.4'
PATH_SEPARATOR=':'
SET_MAKE=''
SHELL='/bin/bash'
STRIP=''
VERSION='1.4'
ac_ct_CC='gcc'
am__EXEEXT_FALSE=''
am__EXEEXT_TRUE='#'
am__fastdepCC_FALSE='#'
am__fastdepCC_TRUE=''
am__include='include'
am__isrc=''
am__leading_dot='.'
am__nodep='_no'
am__quote=''
am__tar='$${TAR-tar} chof - "$$tardir"'
am__untar='$${TAR-tar} xf -'
bindir='${exec_prefix}/bin'
build_alias=''
datadir='${datarootdir}'
datarootdir='${prefix}/share'
docdir='${datarootdir}/doc/${PACKAGE_TARNAME}'
dvidir='${docdir}'
exec_prefix='${prefix}'
host_alias=''
htmldir='${docdir}'
includedir='${prefix}/include'
infodir='${datarootdir}/info'
install_sh='${SHELL} /users/liuhuac/Code/lookbusy-traces/install-sh'
libdir='${exec_prefix}/lib'
libexecdir='${exec_prefix}/libexec'
localedir='${datarootdir}/locale'
localstatedir='${prefix}/var'
mandir='${datarootdir}/man'
mkdir_p='/bin/mkdir -p'
oldincludedir='/usr/include'
pdfdir='${docdir}'
prefix='/usr/local'
program_transform_name='s,x,x,'
psdir='${docdir}'
sbindir='${exec_prefix}/sbin'
sharedstatedir='${prefix}/com'
sysconfdir='${prefix}/etc'
target_alias=''

## ----------- ##
## confdefs.h. ##
## ----------- ##

/* confdefs.h */
#define PACKAGE_NAME "lookbusy"
#define PACKAGE_TARNAME "lookbusy"
#define PACKAGE_VERSION "1.4"
#define PACKAGE_STRING "lookbusy 1.4"
#define PACKAGE_BUGREPORT "lookbusy@devin.com"
#define PACKAGE_URL ""
#define PACKAGE "lookbusy"
#define VERSION "1.4"
#define STDC_HEADERS 1
#define HAVE_SYS_WAIT_H 1
#define HAVE_SYS_TYPES_H 1
#define HAVE_SYS_STAT_H 1
#define HAVE_STDLIB_H 1
#define HAVE_STRING_H 1
#define HAVE_MEMORY_H 1
#define HAVE_STRINGS_H 1
#define HAVE_INTTYPES_H 1
#define HAVE_STDINT_H 1
#define HAVE_UNISTD_H 1
#define HAVE_FCNTL_H 1
#define HAVE_STDINT_H 1
#define HAVE_STDLIB_H 1
#define HAVE_STRING_H 1
#define HAVE_SYS_TIME_H 1
#define HAVE_UNISTD_H 1
#define TIME_WITH_SYS_TIME 1
#define HAVE_FORK 1
#define HAVE_VFORK 1
#define HAVE_WORKING_VFORK 1
#define HAVE_WORKING_FORK 1
#define HAVE_STDLIB_H 1
#define HAVE_MALLOC 1
#define HAVE_STDLIB_H 1
#define HAVE_REALLOC 1
#define RETSIGTYPE void
#define LSTAT_FOLLOWS_SLASHED_SYMLINK 1
#define HAVE_VPRINTF 1
#define HAVE_SYSCONF 1
#define HAVE_GETTIMEOFDAY 1
#define HAVE_MEMMOVE 1
#define HAVE_REGCOMP 1
#define HAVE_STRDUP 1
#define HAVE_STRERROR 1
#define HAVE_STRCASECMP 1
#define HAVE_STRTOL 1
#define HAVE_STRTOLL 1
#define HAVE_TZSET 1
#define HAVE_LIBM 1

configure: exit 0

## ---------------------- ##
## Running config.status. ##
## ---------------------- ##

This file was extended by lookbusy config.status 1.4, which was
generated by GNU Autoconf 2.68.  Invocation command line was

  CONFIG_FILES    = 
  CONFIG_HEADERS  = 
  CONFIG_LINKS    = 
  CONFIG_COMMANDS = 
  $ ./config.status 

on apollo01

config.status:890: creating Makefile
config.status:890: creating config.h
config.status:1071: config.h is unchanged
config.status:1119: executing depfiles commands

## ---------------------- ##
## Running config.status. ##
## ---------------------- ##

This file was extended by lookbusy config.status 1.4, which was
generated by GNU Autoconf 2.68.  Invocation command line was

  CONFIG_FILES    = 
  CONFIG_HEADERS  = 
  CONFIG_LINKS    = 
  CONFIG_COMMANDS = 
  $ ./config.status config.h

on apollo01

config.status:890: creating config.h
